= 1.3.1 - 11/11/2021 =

* Correção do método "get_shipping_email" que estava sendo usado incorretamente na criação do pedido

= 1.3 - 01/11/2021 =

* Correção que no caso de o produto ser "virtual" o endereço usado no anti-fraude não estava funcionando
* Testes com as versões mais recentes do WooCommerce e WordPress
* Teste de compatibilidade com PHP 8
* Método de pagamento por boleto bancário!
* IMPORTANTE: Por enquanto, pagamento via boleto não confirmam o pagamento do pedido no WooCommerce. Você deve aprovar os pagamentos manualmente

= 1.2.3 - 06/08/2021 =

* Correção dos preços dos pedidos que estavam indo sem centavos. Obrigado a @cleberasl1234 que identificou o problema

= 1.2.2 - 11/06/2021 =

* Corrigido tipagem dos dados para envio da APIs
* Inicio do desenvolvimento do método de pagamento via débito, falta trabalhar no recebimento das notificações de pagamento antes de liberar para uso

= 1.2.1 - 24/05/2021 =

* Corrigido algumas notices que estavam carregando no log do WP
* Atualizada versões mínimas e testadas do WordPress e WooCommerce

= 1.2 - 14/05/2021 =

* Assets minificados e operacionais
* Integração com o modo "anti-fraude" da api
* Tradução adicionada com sucesso
* Erros do checkout agora são mais descritivos e exibem o retorno da API
* Atualizado o nome do arquivo inicial do plugin para ficar igual ao diretório do WordPress

= 1.1.2 - 11/01/2021 =

* A versão de produção do arquivo .js do carrinho estava com erro, a modificação foi revertida.

= 1.1.1 - 06/01/2020 =

* Em alguns casos os campos de número de cartão e data de validade não tinham formatação.
* A mensagem de erro ao validar o cartão não era exibida corretamente no checkout.

= 1.1 - 11/09/2020 =

* O processo de pagamento esta mais robusto e seguro
* Foram atualizadas chamadas da API
* Traduções atualizadas. Obrigado para Deise Dilkin que contribuiu com o projeto
* Testes iniciais para pagamento via boleto! Acreditamos que na próxima atualização essa função estará disponível
* Testes iniciais para estorno de pagamento pelo painel admin! Acreditamos que na próxima atualização essa função estará disponível

= 1.0.1 - 18/08/2020 =

* Inseridos textos em inglês para futura tradução
* Ativada integração com log nativo do WooCommerce

= 1.0.0 - 28/08/2020 =

* Lançamento do Plugin